<?xml version="1.0" encoding="UTF-8"?>
<coverage generated="1774588944915" clover="3.2.0">
  <project timestamp="1774588944916" name="All files">
    <metrics statements="159" coveredstatements="155" conditionals="116" coveredconditionals="100" methods="60" coveredmethods="60" elements="335" coveredelements="315" complexity="0" loc="159" ncloc="159" packages="3" files="14" classes="14"/>
    <package name="node">
      <metrics statements="0" coveredstatements="0" conditionals="0" coveredconditionals="0" methods="0" coveredmethods="0"/>
      <file name="sc_mono" path="/Users/apancha/code/node/sc_mono">
        <metrics statements="0" coveredstatements="0" conditionals="0" coveredconditionals="0" methods="0" coveredmethods="0"/>
      </file>
    </package>
    <package name="node.sc_mono.src.components.Button">
      <metrics statements="121" coveredstatements="117" conditionals="116" coveredconditionals="100" methods="34" coveredmethods="34"/>
      <file name="Button.svelte" path="/Users/apancha/code/node/sc_mono/src/components/Button/Button.svelte">
        <metrics statements="67" coveredstatements="65" conditionals="52" coveredconditionals="44" methods="20" coveredmethods="20"/>
        <line num="15" count="32" type="stmt"/>
        <line num="16" count="32" type="stmt"/>
        <line num="19" count="2" type="stmt"/>
        <line num="20" count="2" type="stmt"/>
        <line num="21" count="2" type="stmt"/>
        <line num="22" count="2" type="stmt"/>
        <line num="23" count="2" type="stmt"/>
        <line num="24" count="2" type="stmt"/>
        <line num="25" count="2" type="stmt"/>
        <line num="27" count="2" type="stmt"/>
        <line num="28" count="2" type="stmt"/>
        <line num="33" count="32" type="stmt"/>
        <line num="34" count="32" type="stmt"/>
        <line num="35" count="32" type="stmt"/>
        <line num="36" count="32" type="stmt"/>
        <line num="37" count="32" type="stmt"/>
        <line num="38" count="32" type="stmt"/>
        <line num="39" count="32" type="stmt"/>
        <line num="40" count="32" type="stmt"/>
        <line num="41" count="32" type="stmt"/>
        <line num="48" count="32" type="stmt"/>
        <line num="51" count="32" type="cond" truecount="2" falsecount="0"/>
        <line num="53" count="32" type="stmt"/>
        <line num="59" count="32" type="stmt"/>
        <line num="68" count="32" type="stmt"/>
        <line num="82" count="32" type="stmt"/>
        <line num="95" count="32" type="stmt"/>
        <line num="96" count="32" type="cond" truecount="2" falsecount="0"/>
        <line num="97" count="31" type="cond" truecount="2" falsecount="0"/>
        <line num="98" count="30" type="stmt"/>
        <line num="101" count="32" type="cond" truecount="4" falsecount="0"/>
        <line num="105" count="32" type="stmt"/>
        <line num="106" count="32" type="cond" truecount="2" falsecount="0"/>
        <line num="109" count="32" type="cond" truecount="2" falsecount="0"/>
        <line num="112" count="32" type="stmt"/>
        <line num="115" count="32" type="cond" truecount="2" falsecount="0"/>
        <line num="116" count="32" type="cond" truecount="2" falsecount="0"/>
        <line num="117" count="32" type="cond" truecount="2" falsecount="0"/>
        <line num="118" count="32" type="cond" truecount="4" falsecount="0"/>
        <line num="119" count="32" type="cond" truecount="4" falsecount="0"/>
        <line num="123" count="32" type="stmt"/>
        <line num="128" count="32" type="stmt"/>
        <line num="134" count="32" type="stmt"/>
        <line num="135" count="2" type="stmt"/>
        <line num="136" count="2" type="stmt"/>
        <line num="139" count="35" type="stmt"/>
        <line num="151" count="32" type="cond" truecount="2" falsecount="0"/>
        <line num="152" count="5" type="stmt"/>
        <line num="154" count="1" type="cond" truecount="1" falsecount="1"/>
        <line num="160" count="4" type="stmt"/>
        <line num="169" count="32" type="cond" truecount="2" falsecount="0"/>
        <line num="170" count="3" type="stmt"/>
        <line num="171" count="3" type="cond" truecount="1" falsecount="1"/>
        <line num="180" count="6" type="stmt"/>
        <line num="181" count="6" type="cond" truecount="1" falsecount="1"/>
        <line num="188" count="26" type="stmt"/>
        <line num="191" count="32" type="cond" truecount="2" falsecount="0"/>
        <line num="192" count="1" type="stmt"/>
        <line num="194" count="0" type="cond" truecount="0" falsecount="2"/>
        <line num="200" count="1" type="stmt"/>
        <line num="209" count="32" type="cond" truecount="2" falsecount="0"/>
        <line num="210" count="3" type="stmt"/>
        <line num="211" count="3" type="cond" truecount="1" falsecount="1"/>
        <line num="219" count="32" type="cond" truecount="2" falsecount="0"/>
        <line num="220" count="1" type="stmt"/>
        <line num="222" count="0" type="cond" truecount="0" falsecount="2"/>
        <line num="228" count="1" type="stmt"/>
      </file>
      <file name="ButtonLink.svelte" path="/Users/apancha/code/node/sc_mono/src/components/Button/ButtonLink.svelte">
        <metrics statements="54" coveredstatements="52" conditionals="64" coveredconditionals="56" methods="14" coveredmethods="14"/>
        <line num="19" count="17" type="stmt"/>
        <line num="20" count="17" type="stmt"/>
        <line num="21" count="17" type="stmt"/>
        <line num="22" count="17" type="stmt"/>
        <line num="23" count="17" type="stmt"/>
        <line num="24" count="17" type="stmt"/>
        <line num="25" count="17" type="stmt"/>
        <line num="26" count="17" type="stmt"/>
        <line num="33" count="17" type="stmt"/>
        <line num="36" count="17" type="cond" truecount="2" falsecount="0"/>
        <line num="38" count="17" type="stmt"/>
        <line num="44" count="17" type="stmt"/>
        <line num="53" count="17" type="stmt"/>
        <line num="67" count="17" type="stmt"/>
        <line num="80" count="17" type="stmt"/>
        <line num="81" count="17" type="cond" truecount="2" falsecount="0"/>
        <line num="82" count="16" type="cond" truecount="2" falsecount="0"/>
        <line num="83" count="15" type="stmt"/>
        <line num="86" count="17" type="cond" truecount="4" falsecount="0"/>
        <line num="90" count="17" type="stmt"/>
        <line num="91" count="17" type="cond" truecount="2" falsecount="0"/>
        <line num="94" count="17" type="cond" truecount="2" falsecount="0"/>
        <line num="97" count="17" type="stmt"/>
        <line num="100" count="17" type="cond" truecount="2" falsecount="0"/>
        <line num="101" count="17" type="cond" truecount="2" falsecount="0"/>
        <line num="102" count="17" type="cond" truecount="2" falsecount="0"/>
        <line num="103" count="17" type="cond" truecount="4" falsecount="0"/>
        <line num="104" count="17" type="cond" truecount="4" falsecount="0"/>
        <line num="107" count="2" type="cond" truecount="2" falsecount="0"/>
        <line num="108" count="1" type="stmt"/>
        <line num="111" count="1" type="stmt"/>
        <line num="117" count="17" type="stmt"/>
        <line num="122" count="17" type="stmt"/>
        <line num="133" count="17" type="cond" truecount="2" falsecount="0"/>
        <line num="134" count="3" type="stmt"/>
        <line num="136" count="1" type="cond" truecount="1" falsecount="1"/>
        <line num="142" count="2" type="stmt"/>
        <line num="151" count="17" type="cond" truecount="2" falsecount="0"/>
        <line num="152" count="3" type="stmt"/>
        <line num="153" count="3" type="cond" truecount="1" falsecount="1"/>
        <line num="162" count="6" type="stmt"/>
        <line num="163" count="6" type="cond" truecount="1" falsecount="1"/>
        <line num="170" count="11" type="stmt"/>
        <line num="173" count="17" type="cond" truecount="2" falsecount="0"/>
        <line num="174" count="1" type="stmt"/>
        <line num="176" count="0" type="cond" truecount="0" falsecount="2"/>
        <line num="182" count="1" type="stmt"/>
        <line num="191" count="17" type="cond" truecount="2" falsecount="0"/>
        <line num="192" count="3" type="stmt"/>
        <line num="193" count="3" type="cond" truecount="1" falsecount="1"/>
        <line num="201" count="17" type="cond" truecount="2" falsecount="0"/>
        <line num="202" count="1" type="stmt"/>
        <line num="204" count="0" type="cond" truecount="0" falsecount="2"/>
        <line num="210" count="1" type="stmt"/>
      </file>
      <file name="ButtonLinkTypes.ts" path="/Users/apancha/code/node/sc_mono/src/components/Button/ButtonLinkTypes.ts">
        <metrics statements="0" coveredstatements="0" conditionals="0" coveredconditionals="0" methods="0" coveredmethods="0"/>
      </file>
      <file name="ButtonTypes.ts" path="/Users/apancha/code/node/sc_mono/src/components/Button/ButtonTypes.ts">
        <metrics statements="0" coveredstatements="0" conditionals="0" coveredconditionals="0" methods="0" coveredmethods="0"/>
      </file>
      <file name="index.ts" path="/Users/apancha/code/node/sc_mono/src/components/Button/index.ts">
        <metrics statements="0" coveredstatements="0" conditionals="0" coveredconditionals="0" methods="0" coveredmethods="0"/>
      </file>
    </package>
    <package name="node.sc_mono.src.components.Button.tests">
      <metrics statements="38" coveredstatements="38" conditionals="0" coveredconditionals="0" methods="26" coveredmethods="26"/>
      <file name="ButtonChildrenFixture.svelte" path="/Users/apancha/code/node/sc_mono/src/components/Button/tests/ButtonChildrenFixture.svelte">
        <metrics statements="2" coveredstatements="2" conditionals="0" coveredconditionals="0" methods="2" coveredmethods="2"/>
        <line num="15" count="1" type="stmt"/>
        <line num="16" count="1" type="stmt"/>
      </file>
      <file name="ButtonIconsFixture.svelte" path="/Users/apancha/code/node/sc_mono/src/components/Button/tests/ButtonIconsFixture.svelte">
        <metrics statements="6" coveredstatements="6" conditionals="0" coveredconditionals="0" methods="4" coveredmethods="4"/>
        <line num="15" count="1" type="stmt"/>
        <line num="16" count="1" type="stmt"/>
        <line num="17" count="1" type="stmt"/>
        <line num="19" count="1" type="stmt"/>
        <line num="20" count="1" type="stmt"/>
        <line num="22" count="1" type="stmt"/>
      </file>
      <file name="ButtonLinkChildrenFixture.svelte" path="/Users/apancha/code/node/sc_mono/src/components/Button/tests/ButtonLinkChildrenFixture.svelte">
        <metrics statements="2" coveredstatements="2" conditionals="0" coveredconditionals="0" methods="2" coveredmethods="2"/>
        <line num="15" count="1" type="stmt"/>
        <line num="16" count="1" type="stmt"/>
      </file>
      <file name="ButtonLinkIconsFixture.svelte" path="/Users/apancha/code/node/sc_mono/src/components/Button/tests/ButtonLinkIconsFixture.svelte">
        <metrics statements="6" coveredstatements="6" conditionals="0" coveredconditionals="0" methods="4" coveredmethods="4"/>
        <line num="15" count="1" type="stmt"/>
        <line num="16" count="1" type="stmt"/>
        <line num="17" count="1" type="stmt"/>
        <line num="19" count="1" type="stmt"/>
        <line num="20" count="1" type="stmt"/>
        <line num="22" count="1" type="stmt"/>
      </file>
      <file name="ButtonLinkLoadingFixture.svelte" path="/Users/apancha/code/node/sc_mono/src/components/Button/tests/ButtonLinkLoadingFixture.svelte">
        <metrics statements="4" coveredstatements="4" conditionals="0" coveredconditionals="0" methods="3" coveredmethods="3"/>
        <line num="15" count="1" type="stmt"/>
        <line num="16" count="1" type="stmt"/>
        <line num="17" count="1" type="stmt"/>
        <line num="19" count="1" type="stmt"/>
      </file>
      <file name="ButtonLinkLoadingPositionsFixture.svelte" path="/Users/apancha/code/node/sc_mono/src/components/Button/tests/ButtonLinkLoadingPositionsFixture.svelte">
        <metrics statements="7" coveredstatements="7" conditionals="0" coveredconditionals="0" methods="4" coveredmethods="4"/>
        <line num="14" count="3" type="stmt"/>
        <line num="17" count="18" type="stmt"/>
        <line num="18" count="3" type="stmt"/>
        <line num="19" count="2" type="stmt"/>
        <line num="21" count="3" type="stmt"/>
        <line num="22" count="2" type="stmt"/>
        <line num="24" count="3" type="stmt"/>
      </file>
      <file name="ButtonLoadingFixture.svelte" path="/Users/apancha/code/node/sc_mono/src/components/Button/tests/ButtonLoadingFixture.svelte">
        <metrics statements="4" coveredstatements="4" conditionals="0" coveredconditionals="0" methods="3" coveredmethods="3"/>
        <line num="15" count="1" type="stmt"/>
        <line num="16" count="1" type="stmt"/>
        <line num="17" count="1" type="stmt"/>
        <line num="19" count="1" type="stmt"/>
      </file>
      <file name="ButtonLoadingPositionsFixture.svelte" path="/Users/apancha/code/node/sc_mono/src/components/Button/tests/ButtonLoadingPositionsFixture.svelte">
        <metrics statements="7" coveredstatements="7" conditionals="0" coveredconditionals="0" methods="4" coveredmethods="4"/>
        <line num="14" count="3" type="stmt"/>
        <line num="17" count="18" type="stmt"/>
        <line num="18" count="3" type="stmt"/>
        <line num="19" count="2" type="stmt"/>
        <line num="21" count="3" type="stmt"/>
        <line num="22" count="2" type="stmt"/>
        <line num="24" count="3" type="stmt"/>
      </file>
    </package>
  </project>
</coverage>
