{"/Users/apancha/code/node/sc_mono": {"path":"/Users/apancha/code/node/sc_mono","statementMap":{},"fnMap":{},"branchMap":{},"s":{},"f":{},"b":{},"meta":{"lastBranch":0,"lastFunction":0,"lastStatement":0,"seen":{}}}
,"/Users/apancha/code/node/sc_mono/src/components/Button/Button.svelte": {"path":"/Users/apancha/code/node/sc_mono/src/components/Button/Button.svelte","statementMap":{"0":{"start":{"line":15,"column":12},"end":{"line":15,"column":null}},"1":{"start":{"line":16,"column":14},"end":{"line":16,"column":null}},"2":{"start":{"line":19,"column":17},"end":{"line":19,"column":36}},"3":{"start":{"line":20,"column":15},"end":{"line":20,"column":null}},"4":{"start":{"line":21,"column":15},"end":{"line":21,"column":null}},"5":{"start":{"line":22,"column":12},"end":{"line":22,"column":48}},"6":{"start":{"line":23,"column":12},"end":{"line":23,"column":47}},"7":{"start":{"line":24,"column":11},"end":{"line":24,"column":null}},"8":{"start":{"line":25,"column":2},"end":{"line":25,"column":null}},"9":{"start":{"line":27,"column":2},"end":{"line":29,"column":null}},"10":{"start":{"line":28,"column":3},"end":{"line":28,"column":null}},"11":{"start":{"line":28,"column":30},"end":{"line":28,"column":null}},"12":{"start":{"line":33,"column":9},"end":{"line":33,"column":null}},"13":{"start":{"line":34,"column":7},"end":{"line":34,"column":null}},"14":{"start":{"line":35,"column":6},"end":{"line":35,"column":null}},"15":{"start":{"line":36,"column":6},"end":{"line":36,"column":null}},"16":{"start":{"line":37,"column":10},"end":{"line":37,"column":null}},"17":{"start":{"line":38,"column":11},"end":{"line":38,"column":null}},"18":{"start":{"line":39,"column":9},"end":{"line":39,"column":null}},"19":{"start":{"line":40,"column":17},"end":{"line":40,"column":null}},"20":{"start":{"line":41,"column":18},"end":{"line":41,"column":null}},"21":{"start":{"line":48,"column":5},"end":{"line":48,"column":null}},"22":{"start":{"line":51,"column":17},"end":{"line":51,"column":null}},"23":{"start":{"line":51,"column":29},"end":{"line":51,"column":null}},"24":{"start":{"line":53,"column":46},"end":{"line":56,"column":null}},"25":{"start":{"line":59,"column":57},"end":{"line":65,"column":null}},"26":{"start":{"line":68,"column":56},"end":{"line":79,"column":null}},"27":{"start":{"line":82,"column":52},"end":{"line":92,"column":null}},"28":{"start":{"line":95,"column":21},"end":{"line":99,"column":null}},"29":{"start":{"line":96,"column":6},"end":{"line":96,"column":null}},"30":{"start":{"line":96,"column":28},"end":{"line":96,"column":null}},"31":{"start":{"line":97,"column":6},"end":{"line":97,"column":null}},"32":{"start":{"line":97,"column":24},"end":{"line":97,"column":null}},"33":{"start":{"line":98,"column":9},"end":{"line":98,"column":null}},"34":{"start":{"line":101,"column":23},"end":{"line":102,"column":null}},"35":{"start":{"line":101,"column":23},"end":{"line":102,"column":89}},"36":{"start":{"line":105,"column":22},"end":{"line":106,"column":null}},"37":{"start":{"line":106,"column":2},"end":{"line":106,"column":85}},"38":{"start":{"line":109,"column":19},"end":{"line":109,"column":null}},"39":{"start":{"line":109,"column":31},"end":{"line":109,"column":62}},"40":{"start":{"line":112,"column":2},"end":{"line":113,"column":79}},"41":{"start":{"line":115,"column":23},"end":{"line":115,"column":null}},"42":{"start":{"line":115,"column":35},"end":{"line":115,"column":null}},"43":{"start":{"line":116,"column":24},"end":{"line":116,"column":null}},"44":{"start":{"line":116,"column":36},"end":{"line":116,"column":null}},"45":{"start":{"line":117,"column":21},"end":{"line":117,"column":null}},"46":{"start":{"line":117,"column":33},"end":{"line":117,"column":null}},"47":{"start":{"line":118,"column":20},"end":{"line":118,"column":null}},"48":{"start":{"line":119,"column":18},"end":{"line":119,"column":null}},"49":{"start":{"line":123,"column":18},"end":{"line":124,"column":null}},"50":{"start":{"line":128,"column":1},"end":{"line":128,"column":null}},"51":{"start":{"line":134,"column":11},"end":{"line":137,"column":2}},"52":{"start":{"line":135,"column":2},"end":{"line":135,"column":null}},"53":{"start":{"line":136,"column":12},"end":{"line":136,"column":null}},"54":{"start":{"line":128,"column":1},"end":{"line":133,"column":null}},"55":{"start":{"line":139,"column":8},"end":{"line":146,"column":null}},"56":{"start":{"line":139,"column":8},"end":{"line":139,"column":19}},"57":{"start":{"line":139,"column":27},"end":{"line":139,"column":37}},"58":{"start":{"line":152,"column":7},"end":{"line":152,"column":null}},"59":{"start":{"line":152,"column":3},"end":{"line":152,"column":null}},"60":{"start":{"line":154,"column":37},"end":{"line":154,"column":null}},"61":{"start":{"line":154,"column":45},"end":{"line":154,"column":null}},"62":{"start":{"line":160,"column":8},"end":{"line":160,"column":null}},"63":{"start":{"line":160,"column":5},"end":{"line":160,"column":null}},"64":{"start":{"line":151,"column":6},"end":{"line":151,"column":null}},"65":{"start":{"line":151,"column":22},"end":{"line":151,"column":null}},"66":{"start":{"line":170,"column":7},"end":{"line":170,"column":null}},"67":{"start":{"line":170,"column":3},"end":{"line":170,"column":null}},"68":{"start":{"line":171,"column":29},"end":{"line":171,"column":null}},"69":{"start":{"line":171,"column":37},"end":{"line":171,"column":null}},"70":{"start":{"line":169,"column":6},"end":{"line":169,"column":null}},"71":{"start":{"line":169,"column":19},"end":{"line":169,"column":null}},"72":{"start":{"line":180,"column":7},"end":{"line":180,"column":null}},"73":{"start":{"line":180,"column":3},"end":{"line":180,"column":null}},"74":{"start":{"line":181,"column":28},"end":{"line":181,"column":null}},"75":{"start":{"line":181,"column":36},"end":{"line":181,"column":null}},"76":{"start":{"line":188,"column":7},"end":{"line":188,"column":null}},"77":{"start":{"line":188,"column":3},"end":{"line":188,"column":null}},"78":{"start":{"line":192,"column":7},"end":{"line":192,"column":null}},"79":{"start":{"line":192,"column":3},"end":{"line":192,"column":null}},"80":{"start":{"line":194,"column":37},"end":{"line":194,"column":null}},"81":{"start":{"line":194,"column":45},"end":{"line":194,"column":null}},"82":{"start":{"line":200,"column":8},"end":{"line":200,"column":null}},"83":{"start":{"line":200,"column":5},"end":{"line":200,"column":null}},"84":{"start":{"line":191,"column":6},"end":{"line":191,"column":null}},"85":{"start":{"line":191,"column":23},"end":{"line":191,"column":null}},"86":{"start":{"line":210,"column":7},"end":{"line":210,"column":null}},"87":{"start":{"line":210,"column":3},"end":{"line":210,"column":null}},"88":{"start":{"line":211,"column":27},"end":{"line":211,"column":null}},"89":{"start":{"line":211,"column":35},"end":{"line":211,"column":null}},"90":{"start":{"line":209,"column":6},"end":{"line":209,"column":null}},"91":{"start":{"line":209,"column":17},"end":{"line":209,"column":null}},"92":{"start":{"line":220,"column":7},"end":{"line":220,"column":null}},"93":{"start":{"line":220,"column":3},"end":{"line":220,"column":null}},"94":{"start":{"line":222,"column":37},"end":{"line":222,"column":null}},"95":{"start":{"line":222,"column":45},"end":{"line":222,"column":null}},"96":{"start":{"line":228,"column":8},"end":{"line":228,"column":null}},"97":{"start":{"line":228,"column":5},"end":{"line":228,"column":null}},"98":{"start":{"line":219,"column":6},"end":{"line":219,"column":null}},"99":{"start":{"line":219,"column":20},"end":{"line":219,"column":null}}},"fnMap":{"0":{"name":"Button","decl":{"start":{"line":11,"column":0},"end":{"line":11,"column":1}},"loc":{"start":{"line":11,"column":0},"end":{"line":126,"column":null}},"line":11},"1":{"name":"handleRipple","decl":{"start":{"line":18,"column":10},"end":{"line":18,"column":22}},"loc":{"start":{"line":18,"column":42},"end":{"line":30,"column":null}},"line":18},"2":{"name":"(anonymous_2)","decl":{"start":{"line":27,"column":19},"end":{"line":27,"column":null}},"loc":{"start":{"line":27,"column":19},"end":{"line":29,"column":3}},"line":27},"3":{"name":"(anonymous_3)","decl":{"start":{"line":28,"column":27},"end":{"line":28,"column":29}},"loc":{"start":{"line":28,"column":30},"end":{"line":28,"column":null}},"line":28},"4":{"name":"(anonymous_4)","decl":{"start":{"line":51,"column":17},"end":{"line":51,"column":29}},"loc":{"start":{"line":51,"column":29},"end":{"line":51,"column":null}},"line":51},"5":{"name":"(anonymous_5)","decl":{"start":{"line":95,"column":42},"end":{"line":95,"column":null}},"loc":{"start":{"line":95,"column":42},"end":{"line":99,"column":2}},"line":95},"6":{"name":"(anonymous_6)","decl":{"start":{"line":101,"column":23},"end":{"line":101,"column":null}},"loc":{"start":{"line":101,"column":23},"end":{"line":102,"column":89}},"line":101},"7":{"name":"(anonymous_7)","decl":{"start":{"line":106,"column":2},"end":{"line":106,"column":12}},"loc":{"start":{"line":106,"column":2},"end":{"line":106,"column":85}},"line":106},"8":{"name":"(anonymous_8)","decl":{"start":{"line":109,"column":19},"end":{"line":109,"column":31}},"loc":{"start":{"line":109,"column":31},"end":{"line":109,"column":62}},"line":109},"9":{"name":"(anonymous_9)","decl":{"start":{"line":115,"column":23},"end":{"line":115,"column":35}},"loc":{"start":{"line":115,"column":35},"end":{"line":115,"column":null}},"line":115},"10":{"name":"(anonymous_10)","decl":{"start":{"line":116,"column":24},"end":{"line":116,"column":36}},"loc":{"start":{"line":116,"column":36},"end":{"line":116,"column":null}},"line":116},"11":{"name":"(anonymous_11)","decl":{"start":{"line":117,"column":21},"end":{"line":117,"column":33}},"loc":{"start":{"line":117,"column":33},"end":{"line":117,"column":null}},"line":117},"12":{"name":"(anonymous_12)","decl":{"start":{"line":118,"column":20},"end":{"line":118,"column":49}},"loc":{"start":{"line":118,"column":20},"end":{"line":118,"column":null}},"line":118},"13":{"name":"(anonymous_13)","decl":{"start":{"line":119,"column":18},"end":{"line":119,"column":45}},"loc":{"start":{"line":119,"column":18},"end":{"line":119,"column":null}},"line":119},"14":{"name":"(anonymous_14)","decl":{"start":{"line":123,"column":18},"end":{"line":123,"column":null}},"loc":{"start":{"line":123,"column":18},"end":{"line":124,"column":null}},"line":123},"15":{"name":"(anonymous_15)","decl":{"start":{"line":134,"column":11},"end":{"line":134,"column":12}},"loc":{"start":{"line":134,"column":17},"end":{"line":137,"column":2}},"line":134},"16":{"name":"(anonymous_16)","decl":{"start":{"line":128,"column":1},"end":{"line":128,"column":null}},"loc":{"start":{"line":128,"column":1},"end":{"line":133,"column":null}},"line":128},"17":{"name":"(anonymous_17)","decl":{"start":{"line":139,"column":8},"end":{"line":139,"column":15}},"loc":{"start":{"line":139,"column":8},"end":{"line":146,"column":null}},"line":139},"18":{"name":"(anonymous_18)","decl":{"start":{"line":139,"column":15},"end":{"line":139,"column":19}},"loc":{"start":{"line":139,"column":27},"end":{"line":139,"column":37}},"line":139},"19":{"name":"(anonymous_19)","decl":{"start":{"line":139,"column":37},"end":{"line":139,"column":null}},"loc":{"start":{"line":139,"column":25},"end":{"line":146,"column":null}},"line":139}},"branchMap":{"0":{"loc":{"start":{"line":51,"column":29},"end":{"line":51,"column":null}},"type":"binary-expr","locations":[{"start":{"line":51,"column":29},"end":{"line":51,"column":41}},{"start":{"line":51,"column":41},"end":{"line":51,"column":null}}],"line":51},"1":{"loc":{"start":{"line":96,"column":6},"end":{"line":96,"column":null}},"type":"if","locations":[{"start":{"line":96,"column":6},"end":{"line":96,"column":null}},{"start":{},"end":{}}],"line":96},"2":{"loc":{"start":{"line":97,"column":6},"end":{"line":97,"column":null}},"type":"if","locations":[{"start":{"line":97,"column":6},"end":{"line":97,"column":null}},{"start":{},"end":{}}],"line":97},"3":{"loc":{"start":{"line":101,"column":23},"end":{"line":102,"column":89}},"type":"cond-expr","locations":[{"start":{"line":102,"column":49},"end":{"line":102,"column":73}},{"start":{"line":102,"column":76},"end":{"line":102,"column":89}}],"line":101},"4":{"loc":{"start":{"line":101,"column":23},"end":{"line":102,"column":49}},"type":"binary-expr","locations":[{"start":{"line":101,"column":23},"end":{"line":102,"column":30}},{"start":{"line":102,"column":25},"end":{"line":102,"column":49}}],"line":101},"5":{"loc":{"start":{"line":106,"column":2},"end":{"line":106,"column":85}},"type":"cond-expr","locations":[{"start":{"line":106,"column":15},"end":{"line":106,"column":66}},{"start":{"line":106,"column":69},"end":{"line":106,"column":85}}],"line":106},"6":{"loc":{"start":{"line":109,"column":31},"end":{"line":109,"column":62}},"type":"cond-expr","locations":[{"start":{"line":109,"column":43},"end":{"line":109,"column":51}},{"start":{"line":109,"column":54},"end":{"line":109,"column":62}}],"line":109},"7":{"loc":{"start":{"line":115,"column":35},"end":{"line":115,"column":null}},"type":"binary-expr","locations":[{"start":{"line":115,"column":35},"end":{"line":115,"column":46}},{"start":{"line":115,"column":42},"end":{"line":115,"column":null}}],"line":115},"8":{"loc":{"start":{"line":116,"column":36},"end":{"line":116,"column":null}},"type":"binary-expr","locations":[{"start":{"line":116,"column":36},"end":{"line":116,"column":47}},{"start":{"line":116,"column":43},"end":{"line":116,"column":null}}],"line":116},"9":{"loc":{"start":{"line":117,"column":33},"end":{"line":117,"column":null}},"type":"binary-expr","locations":[{"start":{"line":117,"column":33},"end":{"line":117,"column":44}},{"start":{"line":117,"column":40},"end":{"line":117,"column":null}}],"line":117},"10":{"loc":{"start":{"line":118,"column":20},"end":{"line":118,"column":null}},"type":"binary-expr","locations":[{"start":{"line":118,"column":20},"end":{"line":118,"column":49}},{"start":{"line":118,"column":20},"end":{"line":118,"column":null}}],"line":118},"11":{"loc":{"start":{"line":118,"column":49},"end":{"line":118,"column":null}},"type":"binary-expr","locations":[{"start":{"line":118,"column":49},"end":{"line":118,"column":60}},{"start":{"line":118,"column":56},"end":{"line":118,"column":null}}],"line":118},"12":{"loc":{"start":{"line":119,"column":18},"end":{"line":119,"column":null}},"type":"binary-expr","locations":[{"start":{"line":119,"column":18},"end":{"line":119,"column":45}},{"start":{"line":119,"column":18},"end":{"line":119,"column":null}}],"line":119},"13":{"loc":{"start":{"line":119,"column":45},"end":{"line":119,"column":null}},"type":"binary-expr","locations":[{"start":{"line":119,"column":45},"end":{"line":119,"column":56}},{"start":{"line":119,"column":52},"end":{"line":119,"column":null}}],"line":119},"14":{"loc":{"start":{"line":131,"column":12},"end":{"line":131,"column":32}},"type":"binary-expr","locations":[{"start":{"line":131,"column":12},"end":{"line":131,"column":23}},{"start":{"line":131,"column":23},"end":{"line":131,"column":32}}],"line":131},"15":{"loc":{"start":{"line":154,"column":37},"end":{"line":154,"column":null}},"type":"if","locations":[{"start":{"line":154,"column":37},"end":{"line":154,"column":null}},{"start":{"line":154,"column":45},"end":{"line":154,"column":null}}],"line":154},"16":{"loc":{"start":{"line":151,"column":6},"end":{"line":151,"column":null}},"type":"if","locations":[{"start":{"line":151,"column":6},"end":{"line":151,"column":null}},{"start":{},"end":{}}],"line":151},"17":{"loc":{"start":{"line":171,"column":29},"end":{"line":171,"column":null}},"type":"if","locations":[{"start":{"line":171,"column":29},"end":{"line":171,"column":null}},{"start":{"line":171,"column":37},"end":{"line":171,"column":null}}],"line":171},"18":{"loc":{"start":{"line":169,"column":6},"end":{"line":169,"column":null}},"type":"if","locations":[{"start":{"line":169,"column":6},"end":{"line":169,"column":null}},{"start":{},"end":{}}],"line":169},"19":{"loc":{"start":{"line":181,"column":28},"end":{"line":181,"column":null}},"type":"if","locations":[{"start":{"line":181,"column":28},"end":{"line":181,"column":null}},{"start":{"line":181,"column":36},"end":{"line":181,"column":null}}],"line":181},"20":{"loc":{"start":{"line":194,"column":37},"end":{"line":194,"column":null}},"type":"if","locations":[{"start":{"line":194,"column":37},"end":{"line":194,"column":null}},{"start":{"line":194,"column":45},"end":{"line":194,"column":null}}],"line":194},"21":{"loc":{"start":{"line":191,"column":6},"end":{"line":191,"column":null}},"type":"if","locations":[{"start":{"line":191,"column":6},"end":{"line":191,"column":null}},{"start":{},"end":{}}],"line":191},"22":{"loc":{"start":{"line":211,"column":27},"end":{"line":211,"column":null}},"type":"if","locations":[{"start":{"line":211,"column":27},"end":{"line":211,"column":null}},{"start":{"line":211,"column":35},"end":{"line":211,"column":null}}],"line":211},"23":{"loc":{"start":{"line":209,"column":6},"end":{"line":209,"column":null}},"type":"if","locations":[{"start":{"line":209,"column":6},"end":{"line":209,"column":null}},{"start":{},"end":{}}],"line":209},"24":{"loc":{"start":{"line":222,"column":37},"end":{"line":222,"column":null}},"type":"if","locations":[{"start":{"line":222,"column":37},"end":{"line":222,"column":null}},{"start":{"line":222,"column":45},"end":{"line":222,"column":null}}],"line":222},"25":{"loc":{"start":{"line":219,"column":6},"end":{"line":219,"column":null}},"type":"if","locations":[{"start":{"line":219,"column":6},"end":{"line":219,"column":null}},{"start":{},"end":{}}],"line":219}},"s":{"0":32,"1":32,"2":2,"3":2,"4":2,"5":2,"6":2,"7":2,"8":2,"9":2,"10":2,"11":2,"12":32,"13":32,"14":32,"15":32,"16":32,"17":32,"18":32,"19":32,"20":32,"21":32,"22":32,"23":32,"24":32,"25":32,"26":32,"27":32,"28":32,"29":32,"30":1,"31":31,"32":1,"33":30,"34":32,"35":32,"36":32,"37":32,"38":32,"39":32,"40":32,"41":32,"42":32,"43":32,"44":32,"45":32,"46":32,"47":32,"48":32,"49":32,"50":32,"51":32,"52":2,"53":2,"54":32,"55":32,"56":35,"57":6,"58":5,"59":5,"60":1,"61":1,"62":4,"63":4,"64":32,"65":5,"66":3,"67":3,"68":3,"69":3,"70":32,"71":3,"72":6,"73":6,"74":6,"75":6,"76":26,"77":26,"78":1,"79":1,"80":0,"81":0,"82":1,"83":1,"84":32,"85":1,"86":3,"87":3,"88":3,"89":3,"90":32,"91":3,"92":1,"93":1,"94":0,"95":0,"96":1,"97":1,"98":32,"99":1},"f":{"0":32,"1":2,"2":2,"3":2,"4":32,"5":32,"6":32,"7":32,"8":32,"9":32,"10":32,"11":32,"12":32,"13":32,"14":32,"15":2,"16":32,"17":67,"18":6,"19":2},"b":{"0":[32,30],"1":[1,31],"2":[1,30],"3":[29,3],"4":[32,30],"5":[9,23],"6":[1,31],"7":[32,7],"8":[32,7],"9":[32,7],"10":[32,4],"11":[4,3],"12":[32,4],"13":[4,3],"14":[32,25],"15":[0,1],"16":[5,27],"17":[0,3],"18":[3,29],"19":[0,6],"20":[0,0],"21":[1,31],"22":[0,3],"23":[3,29],"24":[0,0],"25":[1,31]},"meta":{"lastBranch":26,"lastFunction":20,"lastStatement":100,"seen":{"f:11:0:11:1":0,"s:15:12:15:Infinity":0,"s:16:14:16:Infinity":1,"f:18:10:18:22":1,"s:19:17:19:36":2,"s:20:15:20:Infinity":3,"s:21:15:21:Infinity":4,"s:22:12:22:48":5,"s:23:12:23:47":6,"s:24:11:24:Infinity":7,"s:25:2:25:Infinity":8,"s:27:2:29:Infinity":9,"f:27:19:27:Infinity":2,"s:28:3:28:Infinity":10,"f:28:27:28:29":3,"s:28:30:28:Infinity":11,"s:33:9:33:Infinity":12,"s:34:7:34:Infinity":13,"s:35:6:35:Infinity":14,"s:36:6:36:Infinity":15,"s:37:10:37:Infinity":16,"s:38:11:38:Infinity":17,"s:39:9:39:Infinity":18,"s:40:17:40:Infinity":19,"s:41:18:41:Infinity":20,"s:48:5:48:Infinity":21,"s:51:17:51:Infinity":22,"f:51:17:51:29":4,"s:51:29:51:Infinity":23,"b:51:29:51:41:51:41:51:Infinity":0,"s:53:46:56:Infinity":24,"s:59:57:65:Infinity":25,"s:68:56:79:Infinity":26,"s:82:52:92:Infinity":27,"s:95:21:99:Infinity":28,"f:95:42:95:Infinity":5,"b:96:6:96:Infinity:undefined:undefined:undefined:undefined":1,"s:96:6:96:Infinity":29,"s:96:28:96:Infinity":30,"b:97:6:97:Infinity:undefined:undefined:undefined:undefined":2,"s:97:6:97:Infinity":31,"s:97:24:97:Infinity":32,"s:98:9:98:Infinity":33,"s:101:23:102:Infinity":34,"f:101:23:101:Infinity":6,"s:101:23:102:89":35,"b:102:49:102:73:102:76:102:89":3,"b:101:23:102:30:102:25:102:49":4,"s:105:22:106:Infinity":36,"f:106:2:106:12":7,"s:106:2:106:85":37,"b:106:15:106:66:106:69:106:85":5,"s:109:19:109:Infinity":38,"f:109:19:109:31":8,"s:109:31:109:62":39,"b:109:43:109:51:109:54:109:62":6,"s:112:2:113:79":40,"s:115:23:115:Infinity":41,"f:115:23:115:35":9,"s:115:35:115:Infinity":42,"b:115:35:115:46:115:42:115:Infinity":7,"s:116:24:116:Infinity":43,"f:116:24:116:36":10,"s:116:36:116:Infinity":44,"b:116:36:116:47:116:43:116:Infinity":8,"s:117:21:117:Infinity":45,"f:117:21:117:33":11,"s:117:33:117:Infinity":46,"b:117:33:117:44:117:40:117:Infinity":9,"s:118:20:118:Infinity":47,"f:118:20:118:49":12,"b:118:20:118:49:118:20:118:Infinity":10,"b:118:49:118:60:118:56:118:Infinity":11,"s:119:18:119:Infinity":48,"f:119:18:119:45":13,"b:119:18:119:45:119:18:119:Infinity":12,"b:119:45:119:56:119:52:119:Infinity":13,"s:123:18:124:Infinity":49,"f:123:18:123:Infinity":14,"s:128:1:128:Infinity":50,"s:134:11:137:2":51,"f:134:11:134:12":15,"s:135:2:135:Infinity":52,"s:136:12:136:Infinity":53,"s:128:1:133:Infinity":54,"f:128:1:128:Infinity":16,"b:131:12:131:23:131:23:131:32":14,"f:139:8:139:15":17,"s:139:8:146:Infinity":55,"s:139:8:139:19":56,"f:139:15:139:19":18,"s:139:27:139:37":57,"f:139:37:139:Infinity":19,"s:152:7:152:Infinity":58,"s:152:3:152:Infinity":59,"b:154:37:154:Infinity:154:45:154:Infinity":15,"s:154:37:154:Infinity":60,"s:154:45:154:Infinity":61,"s:160:8:160:Infinity":62,"s:160:5:160:Infinity":63,"b:151:6:151:Infinity:undefined:undefined:undefined:undefined":16,"s:151:6:151:Infinity":64,"s:151:22:151:Infinity":65,"s:170:7:170:Infinity":66,"s:170:3:170:Infinity":67,"b:171:29:171:Infinity:171:37:171:Infinity":17,"s:171:29:171:Infinity":68,"s:171:37:171:Infinity":69,"b:169:6:169:Infinity:undefined:undefined:undefined:undefined":18,"s:169:6:169:Infinity":70,"s:169:19:169:Infinity":71,"s:180:7:180:Infinity":72,"s:180:3:180:Infinity":73,"b:181:28:181:Infinity:181:36:181:Infinity":19,"s:181:28:181:Infinity":74,"s:181:36:181:Infinity":75,"s:188:7:188:Infinity":76,"s:188:3:188:Infinity":77,"s:192:7:192:Infinity":78,"s:192:3:192:Infinity":79,"b:194:37:194:Infinity:194:45:194:Infinity":20,"s:194:37:194:Infinity":80,"s:194:45:194:Infinity":81,"s:200:8:200:Infinity":82,"s:200:5:200:Infinity":83,"b:191:6:191:Infinity:undefined:undefined:undefined:undefined":21,"s:191:6:191:Infinity":84,"s:191:23:191:Infinity":85,"s:210:7:210:Infinity":86,"s:210:3:210:Infinity":87,"b:211:27:211:Infinity:211:35:211:Infinity":22,"s:211:27:211:Infinity":88,"s:211:35:211:Infinity":89,"b:209:6:209:Infinity:undefined:undefined:undefined:undefined":23,"s:209:6:209:Infinity":90,"s:209:17:209:Infinity":91,"s:220:7:220:Infinity":92,"s:220:3:220:Infinity":93,"b:222:37:222:Infinity:222:45:222:Infinity":24,"s:222:37:222:Infinity":94,"s:222:45:222:Infinity":95,"s:228:8:228:Infinity":96,"s:228:5:228:Infinity":97,"b:219:6:219:Infinity:undefined:undefined:undefined:undefined":25,"s:219:6:219:Infinity":98,"s:219:20:219:Infinity":99}}}
,"/Users/apancha/code/node/sc_mono/src/components/Button/ButtonLink.svelte": {"path":"/Users/apancha/code/node/sc_mono/src/components/Button/ButtonLink.svelte","statementMap":{"0":{"start":{"line":19,"column":9},"end":{"line":19,"column":null}},"1":{"start":{"line":20,"column":7},"end":{"line":20,"column":null}},"2":{"start":{"line":21,"column":6},"end":{"line":21,"column":null}},"3":{"start":{"line":22,"column":10},"end":{"line":22,"column":null}},"4":{"start":{"line":23,"column":11},"end":{"line":23,"column":null}},"5":{"start":{"line":24,"column":9},"end":{"line":24,"column":null}},"6":{"start":{"line":25,"column":17},"end":{"line":25,"column":null}},"7":{"start":{"line":26,"column":18},"end":{"line":26,"column":null}},"8":{"start":{"line":33,"column":5},"end":{"line":33,"column":null}},"9":{"start":{"line":36,"column":17},"end":{"line":36,"column":null}},"10":{"start":{"line":36,"column":29},"end":{"line":36,"column":null}},"11":{"start":{"line":38,"column":46},"end":{"line":41,"column":null}},"12":{"start":{"line":44,"column":57},"end":{"line":50,"column":null}},"13":{"start":{"line":53,"column":56},"end":{"line":64,"column":null}},"14":{"start":{"line":67,"column":52},"end":{"line":77,"column":null}},"15":{"start":{"line":80,"column":21},"end":{"line":84,"column":null}},"16":{"start":{"line":81,"column":6},"end":{"line":81,"column":null}},"17":{"start":{"line":81,"column":28},"end":{"line":81,"column":null}},"18":{"start":{"line":82,"column":6},"end":{"line":82,"column":null}},"19":{"start":{"line":82,"column":24},"end":{"line":82,"column":null}},"20":{"start":{"line":83,"column":9},"end":{"line":83,"column":null}},"21":{"start":{"line":86,"column":23},"end":{"line":87,"column":null}},"22":{"start":{"line":86,"column":23},"end":{"line":87,"column":89}},"23":{"start":{"line":90,"column":22},"end":{"line":91,"column":null}},"24":{"start":{"line":91,"column":2},"end":{"line":91,"column":85}},"25":{"start":{"line":94,"column":19},"end":{"line":94,"column":null}},"26":{"start":{"line":94,"column":31},"end":{"line":94,"column":62}},"27":{"start":{"line":97,"column":2},"end":{"line":98,"column":79}},"28":{"start":{"line":100,"column":23},"end":{"line":100,"column":null}},"29":{"start":{"line":100,"column":35},"end":{"line":100,"column":null}},"30":{"start":{"line":101,"column":24},"end":{"line":101,"column":null}},"31":{"start":{"line":101,"column":36},"end":{"line":101,"column":null}},"32":{"start":{"line":102,"column":21},"end":{"line":102,"column":null}},"33":{"start":{"line":102,"column":33},"end":{"line":102,"column":null}},"34":{"start":{"line":103,"column":20},"end":{"line":103,"column":null}},"35":{"start":{"line":104,"column":18},"end":{"line":104,"column":null}},"36":{"start":{"line":107,"column":6},"end":{"line":110,"column":null}},"37":{"start":{"line":108,"column":3},"end":{"line":108,"column":null}},"38":{"start":{"line":111,"column":12},"end":{"line":111,"column":null}},"39":{"start":{"line":117,"column":16},"end":{"line":118,"column":null}},"40":{"start":{"line":122,"column":1},"end":{"line":122,"column":null}},"41":{"start":{"line":122,"column":1},"end":{"line":131,"column":null}},"42":{"start":{"line":134,"column":7},"end":{"line":134,"column":null}},"43":{"start":{"line":134,"column":3},"end":{"line":134,"column":null}},"44":{"start":{"line":136,"column":37},"end":{"line":136,"column":null}},"45":{"start":{"line":136,"column":45},"end":{"line":136,"column":null}},"46":{"start":{"line":142,"column":8},"end":{"line":142,"column":null}},"47":{"start":{"line":142,"column":5},"end":{"line":142,"column":null}},"48":{"start":{"line":133,"column":6},"end":{"line":133,"column":null}},"49":{"start":{"line":133,"column":22},"end":{"line":133,"column":null}},"50":{"start":{"line":152,"column":7},"end":{"line":152,"column":null}},"51":{"start":{"line":152,"column":3},"end":{"line":152,"column":null}},"52":{"start":{"line":153,"column":29},"end":{"line":153,"column":null}},"53":{"start":{"line":153,"column":37},"end":{"line":153,"column":null}},"54":{"start":{"line":151,"column":6},"end":{"line":151,"column":null}},"55":{"start":{"line":151,"column":19},"end":{"line":151,"column":null}},"56":{"start":{"line":162,"column":7},"end":{"line":162,"column":null}},"57":{"start":{"line":162,"column":3},"end":{"line":162,"column":null}},"58":{"start":{"line":163,"column":28},"end":{"line":163,"column":null}},"59":{"start":{"line":163,"column":36},"end":{"line":163,"column":null}},"60":{"start":{"line":170,"column":7},"end":{"line":170,"column":null}},"61":{"start":{"line":170,"column":3},"end":{"line":170,"column":null}},"62":{"start":{"line":174,"column":7},"end":{"line":174,"column":null}},"63":{"start":{"line":174,"column":3},"end":{"line":174,"column":null}},"64":{"start":{"line":176,"column":37},"end":{"line":176,"column":null}},"65":{"start":{"line":176,"column":45},"end":{"line":176,"column":null}},"66":{"start":{"line":182,"column":8},"end":{"line":182,"column":null}},"67":{"start":{"line":182,"column":5},"end":{"line":182,"column":null}},"68":{"start":{"line":173,"column":6},"end":{"line":173,"column":null}},"69":{"start":{"line":173,"column":23},"end":{"line":173,"column":null}},"70":{"start":{"line":192,"column":7},"end":{"line":192,"column":null}},"71":{"start":{"line":192,"column":3},"end":{"line":192,"column":null}},"72":{"start":{"line":193,"column":27},"end":{"line":193,"column":null}},"73":{"start":{"line":193,"column":35},"end":{"line":193,"column":null}},"74":{"start":{"line":191,"column":6},"end":{"line":191,"column":null}},"75":{"start":{"line":191,"column":17},"end":{"line":191,"column":null}},"76":{"start":{"line":202,"column":7},"end":{"line":202,"column":null}},"77":{"start":{"line":202,"column":3},"end":{"line":202,"column":null}},"78":{"start":{"line":204,"column":37},"end":{"line":204,"column":null}},"79":{"start":{"line":204,"column":45},"end":{"line":204,"column":null}},"80":{"start":{"line":210,"column":8},"end":{"line":210,"column":null}},"81":{"start":{"line":210,"column":5},"end":{"line":210,"column":null}},"82":{"start":{"line":201,"column":6},"end":{"line":201,"column":null}},"83":{"start":{"line":201,"column":20},"end":{"line":201,"column":null}}},"fnMap":{"0":{"name":"ButtonLink","decl":{"start":{"line":11,"column":0},"end":{"line":11,"column":1}},"loc":{"start":{"line":11,"column":0},"end":{"line":120,"column":null}},"line":11},"1":{"name":"(anonymous_1)","decl":{"start":{"line":36,"column":17},"end":{"line":36,"column":29}},"loc":{"start":{"line":36,"column":29},"end":{"line":36,"column":null}},"line":36},"2":{"name":"(anonymous_2)","decl":{"start":{"line":80,"column":42},"end":{"line":80,"column":null}},"loc":{"start":{"line":80,"column":42},"end":{"line":84,"column":2}},"line":80},"3":{"name":"(anonymous_3)","decl":{"start":{"line":86,"column":23},"end":{"line":86,"column":null}},"loc":{"start":{"line":86,"column":23},"end":{"line":87,"column":89}},"line":86},"4":{"name":"(anonymous_4)","decl":{"start":{"line":91,"column":2},"end":{"line":91,"column":12}},"loc":{"start":{"line":91,"column":2},"end":{"line":91,"column":85}},"line":91},"5":{"name":"(anonymous_5)","decl":{"start":{"line":94,"column":19},"end":{"line":94,"column":31}},"loc":{"start":{"line":94,"column":31},"end":{"line":94,"column":62}},"line":94},"6":{"name":"(anonymous_6)","decl":{"start":{"line":100,"column":23},"end":{"line":100,"column":35}},"loc":{"start":{"line":100,"column":35},"end":{"line":100,"column":null}},"line":100},"7":{"name":"(anonymous_7)","decl":{"start":{"line":101,"column":24},"end":{"line":101,"column":36}},"loc":{"start":{"line":101,"column":36},"end":{"line":101,"column":null}},"line":101},"8":{"name":"(anonymous_8)","decl":{"start":{"line":102,"column":21},"end":{"line":102,"column":33}},"loc":{"start":{"line":102,"column":33},"end":{"line":102,"column":null}},"line":102},"9":{"name":"(anonymous_9)","decl":{"start":{"line":103,"column":20},"end":{"line":103,"column":49}},"loc":{"start":{"line":103,"column":20},"end":{"line":103,"column":null}},"line":103},"10":{"name":"(anonymous_10)","decl":{"start":{"line":104,"column":18},"end":{"line":104,"column":45}},"loc":{"start":{"line":104,"column":18},"end":{"line":104,"column":null}},"line":104},"11":{"name":"handleClick","decl":{"start":{"line":106,"column":10},"end":{"line":106,"column":21}},"loc":{"start":{"line":106,"column":41},"end":{"line":112,"column":null}},"line":106},"12":{"name":"(anonymous_12)","decl":{"start":{"line":117,"column":16},"end":{"line":117,"column":null}},"loc":{"start":{"line":117,"column":16},"end":{"line":118,"column":null}},"line":117},"13":{"name":"(anonymous_13)","decl":{"start":{"line":122,"column":1},"end":{"line":122,"column":null}},"loc":{"start":{"line":122,"column":1},"end":{"line":131,"column":null}},"line":122}},"branchMap":{"0":{"loc":{"start":{"line":36,"column":29},"end":{"line":36,"column":null}},"type":"binary-expr","locations":[{"start":{"line":36,"column":29},"end":{"line":36,"column":41}},{"start":{"line":36,"column":41},"end":{"line":36,"column":null}}],"line":36},"1":{"loc":{"start":{"line":81,"column":6},"end":{"line":81,"column":null}},"type":"if","locations":[{"start":{"line":81,"column":6},"end":{"line":81,"column":null}},{"start":{},"end":{}}],"line":81},"2":{"loc":{"start":{"line":82,"column":6},"end":{"line":82,"column":null}},"type":"if","locations":[{"start":{"line":82,"column":6},"end":{"line":82,"column":null}},{"start":{},"end":{}}],"line":82},"3":{"loc":{"start":{"line":86,"column":23},"end":{"line":87,"column":89}},"type":"cond-expr","locations":[{"start":{"line":87,"column":49},"end":{"line":87,"column":73}},{"start":{"line":87,"column":76},"end":{"line":87,"column":89}}],"line":86},"4":{"loc":{"start":{"line":86,"column":23},"end":{"line":87,"column":49}},"type":"binary-expr","locations":[{"start":{"line":86,"column":23},"end":{"line":87,"column":30}},{"start":{"line":87,"column":25},"end":{"line":87,"column":49}}],"line":86},"5":{"loc":{"start":{"line":91,"column":2},"end":{"line":91,"column":85}},"type":"cond-expr","locations":[{"start":{"line":91,"column":15},"end":{"line":91,"column":66}},{"start":{"line":91,"column":69},"end":{"line":91,"column":85}}],"line":91},"6":{"loc":{"start":{"line":94,"column":31},"end":{"line":94,"column":62}},"type":"cond-expr","locations":[{"start":{"line":94,"column":43},"end":{"line":94,"column":51}},{"start":{"line":94,"column":54},"end":{"line":94,"column":62}}],"line":94},"7":{"loc":{"start":{"line":100,"column":35},"end":{"line":100,"column":null}},"type":"binary-expr","locations":[{"start":{"line":100,"column":35},"end":{"line":100,"column":46}},{"start":{"line":100,"column":42},"end":{"line":100,"column":null}}],"line":100},"8":{"loc":{"start":{"line":101,"column":36},"end":{"line":101,"column":null}},"type":"binary-expr","locations":[{"start":{"line":101,"column":36},"end":{"line":101,"column":47}},{"start":{"line":101,"column":43},"end":{"line":101,"column":null}}],"line":101},"9":{"loc":{"start":{"line":102,"column":33},"end":{"line":102,"column":null}},"type":"binary-expr","locations":[{"start":{"line":102,"column":33},"end":{"line":102,"column":44}},{"start":{"line":102,"column":40},"end":{"line":102,"column":null}}],"line":102},"10":{"loc":{"start":{"line":103,"column":20},"end":{"line":103,"column":null}},"type":"binary-expr","locations":[{"start":{"line":103,"column":20},"end":{"line":103,"column":49}},{"start":{"line":103,"column":20},"end":{"line":103,"column":null}}],"line":103},"11":{"loc":{"start":{"line":103,"column":49},"end":{"line":103,"column":null}},"type":"binary-expr","locations":[{"start":{"line":103,"column":49},"end":{"line":103,"column":60}},{"start":{"line":103,"column":56},"end":{"line":103,"column":null}}],"line":103},"12":{"loc":{"start":{"line":104,"column":18},"end":{"line":104,"column":null}},"type":"binary-expr","locations":[{"start":{"line":104,"column":18},"end":{"line":104,"column":45}},{"start":{"line":104,"column":18},"end":{"line":104,"column":null}}],"line":104},"13":{"loc":{"start":{"line":104,"column":45},"end":{"line":104,"column":null}},"type":"binary-expr","locations":[{"start":{"line":104,"column":45},"end":{"line":104,"column":56}},{"start":{"line":104,"column":52},"end":{"line":104,"column":null}}],"line":104},"14":{"loc":{"start":{"line":107,"column":6},"end":{"line":110,"column":null}},"type":"if","locations":[{"start":{"line":107,"column":6},"end":{"line":110,"column":null}},{"start":{},"end":{}}],"line":107},"15":{"loc":{"start":{"line":123,"column":7},"end":{"line":123,"column":null}},"type":"cond-expr","locations":[{"start":{"line":123,"column":20},"end":{"line":123,"column":29}},{"start":{"line":123,"column":29},"end":{"line":123,"column":null}}],"line":123},"16":{"loc":{"start":{"line":125,"column":17},"end":{"line":125,"column":null}},"type":"cond-expr","locations":[{"start":{"line":125,"column":25},"end":{"line":125,"column":57}},{"start":{"line":125,"column":57},"end":{"line":125,"column":null}}],"line":125},"17":{"loc":{"start":{"line":125,"column":25},"end":{"line":125,"column":57}},"type":"binary-expr","locations":[{"start":{"line":125,"column":25},"end":{"line":125,"column":36}},{"start":{"line":125,"column":36},"end":{"line":125,"column":57}}],"line":125},"18":{"loc":{"start":{"line":126,"column":16},"end":{"line":126,"column":39}},"type":"binary-expr","locations":[{"start":{"line":126,"column":16},"end":{"line":126,"column":30}},{"start":{"line":126,"column":30},"end":{"line":126,"column":39}}],"line":126},"19":{"loc":{"start":{"line":127,"column":11},"end":{"line":127,"column":30}},"type":"cond-expr","locations":[{"start":{"line":127,"column":21},"end":{"line":127,"column":26}},{"start":{"line":127,"column":29},"end":{"line":127,"column":30}}],"line":127},"20":{"loc":{"start":{"line":128,"column":12},"end":{"line":128,"column":32}},"type":"binary-expr","locations":[{"start":{"line":128,"column":12},"end":{"line":128,"column":23}},{"start":{"line":128,"column":23},"end":{"line":128,"column":32}}],"line":128},"21":{"loc":{"start":{"line":136,"column":37},"end":{"line":136,"column":null}},"type":"if","locations":[{"start":{"line":136,"column":37},"end":{"line":136,"column":null}},{"start":{"line":136,"column":45},"end":{"line":136,"column":null}}],"line":136},"22":{"loc":{"start":{"line":133,"column":6},"end":{"line":133,"column":null}},"type":"if","locations":[{"start":{"line":133,"column":6},"end":{"line":133,"column":null}},{"start":{},"end":{}}],"line":133},"23":{"loc":{"start":{"line":153,"column":29},"end":{"line":153,"column":null}},"type":"if","locations":[{"start":{"line":153,"column":29},"end":{"line":153,"column":null}},{"start":{"line":153,"column":37},"end":{"line":153,"column":null}}],"line":153},"24":{"loc":{"start":{"line":151,"column":6},"end":{"line":151,"column":null}},"type":"if","locations":[{"start":{"line":151,"column":6},"end":{"line":151,"column":null}},{"start":{},"end":{}}],"line":151},"25":{"loc":{"start":{"line":163,"column":28},"end":{"line":163,"column":null}},"type":"if","locations":[{"start":{"line":163,"column":28},"end":{"line":163,"column":null}},{"start":{"line":163,"column":36},"end":{"line":163,"column":null}}],"line":163},"26":{"loc":{"start":{"line":176,"column":37},"end":{"line":176,"column":null}},"type":"if","locations":[{"start":{"line":176,"column":37},"end":{"line":176,"column":null}},{"start":{"line":176,"column":45},"end":{"line":176,"column":null}}],"line":176},"27":{"loc":{"start":{"line":173,"column":6},"end":{"line":173,"column":null}},"type":"if","locations":[{"start":{"line":173,"column":6},"end":{"line":173,"column":null}},{"start":{},"end":{}}],"line":173},"28":{"loc":{"start":{"line":193,"column":27},"end":{"line":193,"column":null}},"type":"if","locations":[{"start":{"line":193,"column":27},"end":{"line":193,"column":null}},{"start":{"line":193,"column":35},"end":{"line":193,"column":null}}],"line":193},"29":{"loc":{"start":{"line":191,"column":6},"end":{"line":191,"column":null}},"type":"if","locations":[{"start":{"line":191,"column":6},"end":{"line":191,"column":null}},{"start":{},"end":{}}],"line":191},"30":{"loc":{"start":{"line":204,"column":37},"end":{"line":204,"column":null}},"type":"if","locations":[{"start":{"line":204,"column":37},"end":{"line":204,"column":null}},{"start":{"line":204,"column":45},"end":{"line":204,"column":null}}],"line":204},"31":{"loc":{"start":{"line":201,"column":6},"end":{"line":201,"column":null}},"type":"if","locations":[{"start":{"line":201,"column":6},"end":{"line":201,"column":null}},{"start":{},"end":{}}],"line":201}},"s":{"0":17,"1":17,"2":17,"3":17,"4":17,"5":17,"6":17,"7":17,"8":17,"9":17,"10":17,"11":17,"12":17,"13":17,"14":17,"15":17,"16":17,"17":1,"18":16,"19":1,"20":15,"21":17,"22":17,"23":17,"24":17,"25":17,"26":17,"27":17,"28":17,"29":17,"30":17,"31":17,"32":17,"33":17,"34":17,"35":17,"36":2,"37":1,"38":1,"39":17,"40":17,"41":17,"42":3,"43":3,"44":1,"45":1,"46":2,"47":2,"48":17,"49":3,"50":3,"51":3,"52":3,"53":3,"54":17,"55":3,"56":6,"57":6,"58":6,"59":6,"60":11,"61":11,"62":1,"63":1,"64":0,"65":0,"66":1,"67":1,"68":17,"69":1,"70":3,"71":3,"72":3,"73":3,"74":17,"75":3,"76":1,"77":1,"78":0,"79":0,"80":1,"81":1,"82":17,"83":1},"f":{"0":17,"1":17,"2":17,"3":17,"4":17,"5":17,"6":17,"7":17,"8":17,"9":17,"10":17,"11":2,"12":17,"13":17},"b":{"0":[17,15],"1":[1,16],"2":[1,15],"3":[15,2],"4":[17,15],"5":[7,10],"6":[1,16],"7":[17,5],"8":[17,5],"9":[17,5],"10":[17,4],"11":[4,3],"12":[17,4],"13":[4,3],"14":[1,1],"15":[7,10],"16":[1,16],"17":[1,1],"18":[17,10],"19":[7,10],"20":[17,12],"21":[0,1],"22":[3,14],"23":[0,3],"24":[3,14],"25":[0,6],"26":[0,0],"27":[1,16],"28":[0,3],"29":[3,14],"30":[0,0],"31":[1,16]},"meta":{"lastBranch":32,"lastFunction":14,"lastStatement":84,"seen":{"f:11:0:11:1":0,"s:19:9:19:Infinity":0,"s:20:7:20:Infinity":1,"s:21:6:21:Infinity":2,"s:22:10:22:Infinity":3,"s:23:11:23:Infinity":4,"s:24:9:24:Infinity":5,"s:25:17:25:Infinity":6,"s:26:18:26:Infinity":7,"s:33:5:33:Infinity":8,"s:36:17:36:Infinity":9,"f:36:17:36:29":1,"s:36:29:36:Infinity":10,"b:36:29:36:41:36:41:36:Infinity":0,"s:38:46:41:Infinity":11,"s:44:57:50:Infinity":12,"s:53:56:64:Infinity":13,"s:67:52:77:Infinity":14,"s:80:21:84:Infinity":15,"f:80:42:80:Infinity":2,"b:81:6:81:Infinity:undefined:undefined:undefined:undefined":1,"s:81:6:81:Infinity":16,"s:81:28:81:Infinity":17,"b:82:6:82:Infinity:undefined:undefined:undefined:undefined":2,"s:82:6:82:Infinity":18,"s:82:24:82:Infinity":19,"s:83:9:83:Infinity":20,"s:86:23:87:Infinity":21,"f:86:23:86:Infinity":3,"s:86:23:87:89":22,"b:87:49:87:73:87:76:87:89":3,"b:86:23:87:30:87:25:87:49":4,"s:90:22:91:Infinity":23,"f:91:2:91:12":4,"s:91:2:91:85":24,"b:91:15:91:66:91:69:91:85":5,"s:94:19:94:Infinity":25,"f:94:19:94:31":5,"s:94:31:94:62":26,"b:94:43:94:51:94:54:94:62":6,"s:97:2:98:79":27,"s:100:23:100:Infinity":28,"f:100:23:100:35":6,"s:100:35:100:Infinity":29,"b:100:35:100:46:100:42:100:Infinity":7,"s:101:24:101:Infinity":30,"f:101:24:101:36":7,"s:101:36:101:Infinity":31,"b:101:36:101:47:101:43:101:Infinity":8,"s:102:21:102:Infinity":32,"f:102:21:102:33":8,"s:102:33:102:Infinity":33,"b:102:33:102:44:102:40:102:Infinity":9,"s:103:20:103:Infinity":34,"f:103:20:103:49":9,"b:103:20:103:49:103:20:103:Infinity":10,"b:103:49:103:60:103:56:103:Infinity":11,"s:104:18:104:Infinity":35,"f:104:18:104:45":10,"b:104:18:104:45:104:18:104:Infinity":12,"b:104:45:104:56:104:52:104:Infinity":13,"f:106:10:106:21":11,"b:107:6:110:Infinity:undefined:undefined:undefined:undefined":14,"s:107:6:110:Infinity":36,"s:108:3:108:Infinity":37,"s:111:12:111:Infinity":38,"s:117:16:118:Infinity":39,"f:117:16:117:Infinity":12,"s:122:1:122:Infinity":40,"s:122:1:131:Infinity":41,"f:122:1:122:Infinity":13,"b:123:20:123:29:123:29:123:Infinity":15,"b:125:25:125:57:125:57:125:Infinity":16,"b:125:25:125:36:125:36:125:57":17,"b:126:16:126:30:126:30:126:39":18,"b:127:21:127:26:127:29:127:30":19,"b:128:12:128:23:128:23:128:32":20,"s:134:7:134:Infinity":42,"s:134:3:134:Infinity":43,"b:136:37:136:Infinity:136:45:136:Infinity":21,"s:136:37:136:Infinity":44,"s:136:45:136:Infinity":45,"s:142:8:142:Infinity":46,"s:142:5:142:Infinity":47,"b:133:6:133:Infinity:undefined:undefined:undefined:undefined":22,"s:133:6:133:Infinity":48,"s:133:22:133:Infinity":49,"s:152:7:152:Infinity":50,"s:152:3:152:Infinity":51,"b:153:29:153:Infinity:153:37:153:Infinity":23,"s:153:29:153:Infinity":52,"s:153:37:153:Infinity":53,"b:151:6:151:Infinity:undefined:undefined:undefined:undefined":24,"s:151:6:151:Infinity":54,"s:151:19:151:Infinity":55,"s:162:7:162:Infinity":56,"s:162:3:162:Infinity":57,"b:163:28:163:Infinity:163:36:163:Infinity":25,"s:163:28:163:Infinity":58,"s:163:36:163:Infinity":59,"s:170:7:170:Infinity":60,"s:170:3:170:Infinity":61,"s:174:7:174:Infinity":62,"s:174:3:174:Infinity":63,"b:176:37:176:Infinity:176:45:176:Infinity":26,"s:176:37:176:Infinity":64,"s:176:45:176:Infinity":65,"s:182:8:182:Infinity":66,"s:182:5:182:Infinity":67,"b:173:6:173:Infinity:undefined:undefined:undefined:undefined":27,"s:173:6:173:Infinity":68,"s:173:23:173:Infinity":69,"s:192:7:192:Infinity":70,"s:192:3:192:Infinity":71,"b:193:27:193:Infinity:193:35:193:Infinity":28,"s:193:27:193:Infinity":72,"s:193:35:193:Infinity":73,"b:191:6:191:Infinity:undefined:undefined:undefined:undefined":29,"s:191:6:191:Infinity":74,"s:191:17:191:Infinity":75,"s:202:7:202:Infinity":76,"s:202:3:202:Infinity":77,"b:204:37:204:Infinity:204:45:204:Infinity":30,"s:204:37:204:Infinity":78,"s:204:45:204:Infinity":79,"s:210:8:210:Infinity":80,"s:210:5:210:Infinity":81,"b:201:6:201:Infinity:undefined:undefined:undefined:undefined":31,"s:201:6:201:Infinity":82,"s:201:20:201:Infinity":83}}}
,"/Users/apancha/code/node/sc_mono/src/components/Button/ButtonLinkTypes.ts": {"path":"/Users/apancha/code/node/sc_mono/src/components/Button/ButtonLinkTypes.ts","statementMap":{},"fnMap":{},"branchMap":{},"s":{},"f":{},"b":{},"meta":{"lastBranch":0,"lastFunction":0,"lastStatement":0,"seen":{}}}
,"/Users/apancha/code/node/sc_mono/src/components/Button/ButtonTypes.ts": {"path":"/Users/apancha/code/node/sc_mono/src/components/Button/ButtonTypes.ts","statementMap":{},"fnMap":{},"branchMap":{},"s":{},"f":{},"b":{},"meta":{"lastBranch":0,"lastFunction":0,"lastStatement":0,"seen":{}}}
,"/Users/apancha/code/node/sc_mono/src/components/Button/index.ts": {"path":"/Users/apancha/code/node/sc_mono/src/components/Button/index.ts","statementMap":{},"fnMap":{},"branchMap":{},"s":{},"f":{},"b":{},"meta":{"lastBranch":0,"lastFunction":0,"lastStatement":0,"seen":{}}}
,"/Users/apancha/code/node/sc_mono/src/components/Button/tests/ButtonChildrenFixture.svelte": {"path":"/Users/apancha/code/node/sc_mono/src/components/Button/tests/ButtonChildrenFixture.svelte","statementMap":{"0":{"start":{"line":15,"column":1},"end":{"line":16,"column":null}},"1":{"start":{"line":16,"column":6},"end":{"line":16,"column":null}},"2":{"start":{"line":16,"column":2},"end":{"line":16,"column":null}}},"fnMap":{"0":{"name":"ButtonChildrenFixture","decl":{"start":{"line":11,"column":0},"end":{"line":11,"column":1}},"loc":{"start":{"line":11,"column":0},"end":{"line":13,"column":null}},"line":11},"1":{"name":"(anonymous_1)","decl":{"start":{"line":15,"column":1},"end":{"line":15,"column":7}},"loc":{"start":{"line":15,"column":1},"end":{"line":16,"column":null}},"line":15}},"branchMap":{},"s":{"0":1,"1":1,"2":1},"f":{"0":1,"1":1},"b":{},"meta":{"lastBranch":0,"lastFunction":2,"lastStatement":3,"seen":{"f:11:0:11:1":0,"f:15:1:15:7":1,"s:15:1:16:Infinity":0,"s:16:6:16:Infinity":1,"s:16:2:16:Infinity":2}}}
,"/Users/apancha/code/node/sc_mono/src/components/Button/tests/ButtonIconsFixture.svelte": {"path":"/Users/apancha/code/node/sc_mono/src/components/Button/tests/ButtonIconsFixture.svelte","statementMap":{"0":{"start":{"line":16,"column":20},"end":{"line":17,"column":null}},"1":{"start":{"line":17,"column":7},"end":{"line":17,"column":null}},"2":{"start":{"line":17,"column":3},"end":{"line":17,"column":null}},"3":{"start":{"line":19,"column":18},"end":{"line":20,"column":null}},"4":{"start":{"line":20,"column":7},"end":{"line":20,"column":null}},"5":{"start":{"line":20,"column":3},"end":{"line":20,"column":null}},"6":{"start":{"line":15,"column":1},"end":{"line":22,"column":null}},"7":{"start":{"line":22,"column":6},"end":{"line":22,"column":null}},"8":{"start":{"line":22,"column":2},"end":{"line":22,"column":null}}},"fnMap":{"0":{"name":"ButtonIconsFixture","decl":{"start":{"line":11,"column":0},"end":{"line":11,"column":1}},"loc":{"start":{"line":11,"column":0},"end":{"line":13,"column":null}},"line":11},"1":{"name":"(anonymous_1)","decl":{"start":{"line":16,"column":20},"end":{"line":16,"column":null}},"loc":{"start":{"line":16,"column":20},"end":{"line":17,"column":null}},"line":16},"2":{"name":"(anonymous_2)","decl":{"start":{"line":19,"column":18},"end":{"line":19,"column":null}},"loc":{"start":{"line":19,"column":18},"end":{"line":20,"column":null}},"line":19},"3":{"name":"(anonymous_3)","decl":{"start":{"line":15,"column":1},"end":{"line":15,"column":7}},"loc":{"start":{"line":15,"column":1},"end":{"line":22,"column":null}},"line":15}},"branchMap":{},"s":{"0":1,"1":1,"2":1,"3":1,"4":1,"5":1,"6":1,"7":1,"8":1},"f":{"0":1,"1":1,"2":1,"3":1},"b":{},"meta":{"lastBranch":0,"lastFunction":4,"lastStatement":9,"seen":{"f:11:0:11:1":0,"s:16:20:17:Infinity":0,"f:16:20:16:Infinity":1,"s:17:7:17:Infinity":1,"s:17:3:17:Infinity":2,"s:19:18:20:Infinity":3,"f:19:18:19:Infinity":2,"s:20:7:20:Infinity":4,"s:20:3:20:Infinity":5,"f:15:1:15:7":3,"s:15:1:22:Infinity":6,"s:22:6:22:Infinity":7,"s:22:2:22:Infinity":8}}}
,"/Users/apancha/code/node/sc_mono/src/components/Button/tests/ButtonLinkChildrenFixture.svelte": {"path":"/Users/apancha/code/node/sc_mono/src/components/Button/tests/ButtonLinkChildrenFixture.svelte","statementMap":{"0":{"start":{"line":15,"column":1},"end":{"line":16,"column":null}},"1":{"start":{"line":16,"column":6},"end":{"line":16,"column":null}},"2":{"start":{"line":16,"column":2},"end":{"line":16,"column":null}}},"fnMap":{"0":{"name":"ButtonLinkChildrenFixture","decl":{"start":{"line":11,"column":0},"end":{"line":11,"column":1}},"loc":{"start":{"line":11,"column":0},"end":{"line":13,"column":null}},"line":11},"1":{"name":"(anonymous_1)","decl":{"start":{"line":15,"column":1},"end":{"line":15,"column":11}},"loc":{"start":{"line":15,"column":1},"end":{"line":16,"column":null}},"line":15}},"branchMap":{},"s":{"0":1,"1":1,"2":1},"f":{"0":1,"1":1},"b":{},"meta":{"lastBranch":0,"lastFunction":2,"lastStatement":3,"seen":{"f:11:0:11:1":0,"f:15:1:15:11":1,"s:15:1:16:Infinity":0,"s:16:6:16:Infinity":1,"s:16:2:16:Infinity":2}}}
,"/Users/apancha/code/node/sc_mono/src/components/Button/tests/ButtonLinkIconsFixture.svelte": {"path":"/Users/apancha/code/node/sc_mono/src/components/Button/tests/ButtonLinkIconsFixture.svelte","statementMap":{"0":{"start":{"line":16,"column":20},"end":{"line":17,"column":null}},"1":{"start":{"line":17,"column":7},"end":{"line":17,"column":null}},"2":{"start":{"line":17,"column":3},"end":{"line":17,"column":null}},"3":{"start":{"line":19,"column":18},"end":{"line":20,"column":null}},"4":{"start":{"line":20,"column":7},"end":{"line":20,"column":null}},"5":{"start":{"line":20,"column":3},"end":{"line":20,"column":null}},"6":{"start":{"line":15,"column":1},"end":{"line":22,"column":null}},"7":{"start":{"line":22,"column":6},"end":{"line":22,"column":null}},"8":{"start":{"line":22,"column":2},"end":{"line":22,"column":null}}},"fnMap":{"0":{"name":"ButtonLinkIconsFixture","decl":{"start":{"line":11,"column":0},"end":{"line":11,"column":1}},"loc":{"start":{"line":11,"column":0},"end":{"line":13,"column":null}},"line":11},"1":{"name":"(anonymous_1)","decl":{"start":{"line":16,"column":20},"end":{"line":16,"column":null}},"loc":{"start":{"line":16,"column":20},"end":{"line":17,"column":null}},"line":16},"2":{"name":"(anonymous_2)","decl":{"start":{"line":19,"column":18},"end":{"line":19,"column":null}},"loc":{"start":{"line":19,"column":18},"end":{"line":20,"column":null}},"line":19},"3":{"name":"(anonymous_3)","decl":{"start":{"line":15,"column":1},"end":{"line":15,"column":11}},"loc":{"start":{"line":15,"column":1},"end":{"line":22,"column":null}},"line":15}},"branchMap":{},"s":{"0":1,"1":1,"2":1,"3":1,"4":1,"5":1,"6":1,"7":1,"8":1},"f":{"0":1,"1":1,"2":1,"3":1},"b":{},"meta":{"lastBranch":0,"lastFunction":4,"lastStatement":9,"seen":{"f:11:0:11:1":0,"s:16:20:17:Infinity":0,"f:16:20:16:Infinity":1,"s:17:7:17:Infinity":1,"s:17:3:17:Infinity":2,"s:19:18:20:Infinity":3,"f:19:18:19:Infinity":2,"s:20:7:20:Infinity":4,"s:20:3:20:Infinity":5,"f:15:1:15:11":3,"s:15:1:22:Infinity":6,"s:22:6:22:Infinity":7,"s:22:2:22:Infinity":8}}}
,"/Users/apancha/code/node/sc_mono/src/components/Button/tests/ButtonLinkLoadingFixture.svelte": {"path":"/Users/apancha/code/node/sc_mono/src/components/Button/tests/ButtonLinkLoadingFixture.svelte","statementMap":{"0":{"start":{"line":16,"column":27},"end":{"line":17,"column":null}},"1":{"start":{"line":17,"column":7},"end":{"line":17,"column":null}},"2":{"start":{"line":17,"column":3},"end":{"line":17,"column":null}},"3":{"start":{"line":15,"column":1},"end":{"line":19,"column":null}},"4":{"start":{"line":19,"column":6},"end":{"line":19,"column":null}},"5":{"start":{"line":19,"column":2},"end":{"line":19,"column":null}}},"fnMap":{"0":{"name":"ButtonLinkLoadingFixture","decl":{"start":{"line":11,"column":0},"end":{"line":11,"column":1}},"loc":{"start":{"line":11,"column":0},"end":{"line":13,"column":null}},"line":11},"1":{"name":"(anonymous_1)","decl":{"start":{"line":16,"column":27},"end":{"line":16,"column":null}},"loc":{"start":{"line":16,"column":27},"end":{"line":17,"column":null}},"line":16},"2":{"name":"(anonymous_2)","decl":{"start":{"line":15,"column":1},"end":{"line":15,"column":11}},"loc":{"start":{"line":15,"column":1},"end":{"line":19,"column":null}},"line":15}},"branchMap":{},"s":{"0":1,"1":1,"2":1,"3":1,"4":1,"5":1},"f":{"0":1,"1":1,"2":1},"b":{},"meta":{"lastBranch":0,"lastFunction":3,"lastStatement":6,"seen":{"f:11:0:11:1":0,"s:16:27:17:Infinity":0,"f:16:27:16:Infinity":1,"s:17:7:17:Infinity":1,"s:17:3:17:Infinity":2,"f:15:1:15:11":2,"s:15:1:19:Infinity":3,"s:19:6:19:Infinity":4,"s:19:2:19:Infinity":5}}}
,"/Users/apancha/code/node/sc_mono/src/components/Button/tests/ButtonLinkLoadingPositionsFixture.svelte": {"path":"/Users/apancha/code/node/sc_mono/src/components/Button/tests/ButtonLinkLoadingPositionsFixture.svelte","statementMap":{"0":{"start":{"line":14,"column":22},"end":{"line":14,"column":null}},"1":{"start":{"line":18,"column":20},"end":{"line":19,"column":null}},"2":{"start":{"line":19,"column":7},"end":{"line":19,"column":null}},"3":{"start":{"line":19,"column":3},"end":{"line":19,"column":null}},"4":{"start":{"line":21,"column":18},"end":{"line":22,"column":null}},"5":{"start":{"line":22,"column":7},"end":{"line":22,"column":null}},"6":{"start":{"line":22,"column":3},"end":{"line":22,"column":null}},"7":{"start":{"line":17,"column":1},"end":{"line":24,"column":null}},"8":{"start":{"line":17,"column":34},"end":{"line":17,"column":null}},"9":{"start":{"line":24,"column":6},"end":{"line":24,"column":null}},"10":{"start":{"line":24,"column":2},"end":{"line":24,"column":null}}},"fnMap":{"0":{"name":"ButtonLinkLoadingPositionsFixture","decl":{"start":{"line":11,"column":0},"end":{"line":11,"column":1}},"loc":{"start":{"line":11,"column":0},"end":{"line":15,"column":null}},"line":11},"1":{"name":"(anonymous_1)","decl":{"start":{"line":18,"column":20},"end":{"line":18,"column":null}},"loc":{"start":{"line":18,"column":20},"end":{"line":19,"column":null}},"line":18},"2":{"name":"(anonymous_2)","decl":{"start":{"line":21,"column":18},"end":{"line":21,"column":null}},"loc":{"start":{"line":21,"column":18},"end":{"line":22,"column":null}},"line":21},"3":{"name":"(anonymous_3)","decl":{"start":{"line":17,"column":1},"end":{"line":17,"column":11}},"loc":{"start":{"line":17,"column":1},"end":{"line":24,"column":null}},"line":17}},"branchMap":{},"s":{"0":3,"1":3,"2":2,"3":2,"4":3,"5":2,"6":2,"7":3,"8":18,"9":3,"10":3},"f":{"0":3,"1":2,"2":2,"3":3},"b":{},"meta":{"lastBranch":0,"lastFunction":4,"lastStatement":11,"seen":{"f:11:0:11:1":0,"s:14:22:14:Infinity":0,"s:18:20:19:Infinity":1,"f:18:20:18:Infinity":1,"s:19:7:19:Infinity":2,"s:19:3:19:Infinity":3,"s:21:18:22:Infinity":4,"f:21:18:21:Infinity":2,"s:22:7:22:Infinity":5,"s:22:3:22:Infinity":6,"f:17:1:17:11":3,"s:17:1:24:Infinity":7,"s:17:34:17:Infinity":8,"s:24:6:24:Infinity":9,"s:24:2:24:Infinity":10}}}
,"/Users/apancha/code/node/sc_mono/src/components/Button/tests/ButtonLoadingFixture.svelte": {"path":"/Users/apancha/code/node/sc_mono/src/components/Button/tests/ButtonLoadingFixture.svelte","statementMap":{"0":{"start":{"line":16,"column":27},"end":{"line":17,"column":null}},"1":{"start":{"line":17,"column":7},"end":{"line":17,"column":null}},"2":{"start":{"line":17,"column":3},"end":{"line":17,"column":null}},"3":{"start":{"line":15,"column":1},"end":{"line":19,"column":null}},"4":{"start":{"line":19,"column":6},"end":{"line":19,"column":null}},"5":{"start":{"line":19,"column":2},"end":{"line":19,"column":null}}},"fnMap":{"0":{"name":"ButtonLoadingFixture","decl":{"start":{"line":11,"column":0},"end":{"line":11,"column":1}},"loc":{"start":{"line":11,"column":0},"end":{"line":13,"column":null}},"line":11},"1":{"name":"(anonymous_1)","decl":{"start":{"line":16,"column":27},"end":{"line":16,"column":null}},"loc":{"start":{"line":16,"column":27},"end":{"line":17,"column":null}},"line":16},"2":{"name":"(anonymous_2)","decl":{"start":{"line":15,"column":1},"end":{"line":15,"column":7}},"loc":{"start":{"line":15,"column":1},"end":{"line":19,"column":null}},"line":15}},"branchMap":{},"s":{"0":1,"1":1,"2":1,"3":1,"4":1,"5":1},"f":{"0":1,"1":1,"2":1},"b":{},"meta":{"lastBranch":0,"lastFunction":3,"lastStatement":6,"seen":{"f:11:0:11:1":0,"s:16:27:17:Infinity":0,"f:16:27:16:Infinity":1,"s:17:7:17:Infinity":1,"s:17:3:17:Infinity":2,"f:15:1:15:7":2,"s:15:1:19:Infinity":3,"s:19:6:19:Infinity":4,"s:19:2:19:Infinity":5}}}
,"/Users/apancha/code/node/sc_mono/src/components/Button/tests/ButtonLoadingPositionsFixture.svelte": {"path":"/Users/apancha/code/node/sc_mono/src/components/Button/tests/ButtonLoadingPositionsFixture.svelte","statementMap":{"0":{"start":{"line":14,"column":22},"end":{"line":14,"column":null}},"1":{"start":{"line":18,"column":20},"end":{"line":19,"column":null}},"2":{"start":{"line":19,"column":7},"end":{"line":19,"column":null}},"3":{"start":{"line":19,"column":3},"end":{"line":19,"column":null}},"4":{"start":{"line":21,"column":18},"end":{"line":22,"column":null}},"5":{"start":{"line":22,"column":7},"end":{"line":22,"column":null}},"6":{"start":{"line":22,"column":3},"end":{"line":22,"column":null}},"7":{"start":{"line":17,"column":1},"end":{"line":24,"column":null}},"8":{"start":{"line":17,"column":17},"end":{"line":17,"column":null}},"9":{"start":{"line":24,"column":6},"end":{"line":24,"column":null}},"10":{"start":{"line":24,"column":2},"end":{"line":24,"column":null}}},"fnMap":{"0":{"name":"ButtonLoadingPositionsFixture","decl":{"start":{"line":11,"column":0},"end":{"line":11,"column":1}},"loc":{"start":{"line":11,"column":0},"end":{"line":15,"column":null}},"line":11},"1":{"name":"(anonymous_1)","decl":{"start":{"line":18,"column":20},"end":{"line":18,"column":null}},"loc":{"start":{"line":18,"column":20},"end":{"line":19,"column":null}},"line":18},"2":{"name":"(anonymous_2)","decl":{"start":{"line":21,"column":18},"end":{"line":21,"column":null}},"loc":{"start":{"line":21,"column":18},"end":{"line":22,"column":null}},"line":21},"3":{"name":"(anonymous_3)","decl":{"start":{"line":17,"column":1},"end":{"line":17,"column":7}},"loc":{"start":{"line":17,"column":1},"end":{"line":24,"column":null}},"line":17}},"branchMap":{},"s":{"0":3,"1":3,"2":2,"3":2,"4":3,"5":2,"6":2,"7":3,"8":18,"9":3,"10":3},"f":{"0":3,"1":2,"2":2,"3":3},"b":{},"meta":{"lastBranch":0,"lastFunction":4,"lastStatement":11,"seen":{"f:11:0:11:1":0,"s:14:22:14:Infinity":0,"s:18:20:19:Infinity":1,"f:18:20:18:Infinity":1,"s:19:7:19:Infinity":2,"s:19:3:19:Infinity":3,"s:21:18:22:Infinity":4,"f:21:18:21:Infinity":2,"s:22:7:22:Infinity":5,"s:22:3:22:Infinity":6,"f:17:1:17:7":3,"s:17:1:24:Infinity":7,"s:17:17:17:Infinity":8,"s:24:6:24:Infinity":9,"s:24:2:24:Infinity":10}}}
}
